[kontrol] 2017-06-05 16:10:48,127 [DEBUG] leader actor : MD5 -> 01:53:59:aa:26:1e:80:dc:7e:00:5a:17:ce:8e:f3:c7
[kontrol] 2017-06-05 16:11:04,187 [DEBUG] PUT /ping <- keepalive from 172.16.123.1
[kontrol] 2017-06-05 16:11:04,222 [DEBUG] sequence actor : keepalive from 39mysN (pod #18)
[kontrol] 2017-06-05 16:13:10,362 [DEBUG] PUT /ping <- keepalive from 172.16.123.1
[kontrol] 2017-06-05 16:13:10,439 [DEBUG] sequence actor : keepalive from 39mysN (pod #18)
[kontrol] 2017-06-05 16:13:13,345 [DEBUG] leader actor : waited on the trigger for 145.20 s, computing hash...
[kontrol] 2017-06-05 16:13:13,358 [DEBUG] leader actor : MD5 -> 01:53:59:aa:26:1e:80:dc:7e:00:5a:17:ce:8e:f3:c7
[kontrol] 2017-06-05 16:21:49,148 [DEBUG] PUT /ping <- keepalive from 172.16.123.1
[kontrol] 2017-06-05 16:21:49,274 [DEBUG] sequence actor : keepalive from 39mysN (pod #18)
[kontrol] 2017-06-05 16:31:44,669 [DEBUG] PUT /ping <- keepalive from 172.16.123.1
[kontrol] 2017-06-05 16:31:44,893 [DEBUG] sequence actor : keepalive from 39mysN (pod #18)
[kontrol] 2017-06-05 16:32:05,025 [DEBUG] PUT /ping <- keepalive from 172.16.123.1
[kontrol] 2017-06-05 16:32:05,070 [DEBUG] sequence actor : keepalive from 39mysN (pod #18)
[kontrol] 2017-06-05 16:32:26,925 [DEBUG] PUT /ping <- keepalive from 172.16.123.1
[kontrol] 2017-06-05 16:32:27,022 [DEBUG] sequence actor : keepalive from 39mysN (pod #18)
[kontrol] 2017-06-05 16:32:49,574 [DEBUG] PUT /ping <- keepalive from 172.16.123.1
[kontrol] 2017-06-05 16:32:49,727 [DEBUG] sequence actor : keepalive from 39mysN (pod #18)
[kontrol] 2017-06-05 16:45:48,442 [DEBUG] leader actor : waited on the trigger for 1955.07 s, computing hash...
[kontrol] 2017-06-05 16:45:48,445 [DEBUG] leader actor : MD5 -> d7:51:71:39:88:98:7e:93:31:98:03:63:e2:41:89:ce
[kontrol] 2017-06-05 16:45:48,448 [DEBUG] leader actor : aborting -> (lost key /kontrol/default/test/locks/leader/00000000000000000714 (excessive lag ?))
[kontrol] 2017-06-05 16:45:48,449 [DEBUG] leader actor : clearing the lock
[kontrol] 2017-06-05 16:45:48,463 [DEBUG] leader actor : created lock key #733
[kontrol] 2017-06-05 16:45:48,465 [DEBUG] leader actor : attempting to grab lock
[kontrol] 2017-06-05 16:45:48,468 [INFO] leader actor : now acting as leader
[kontrol] 2017-06-05 16:45:48,829 [DEBUG] PUT /ping <- keepalive from 172.16.123.1
[kontrol] 2017-06-05 16:45:48,851 [DEBUG] sequence actor : counter @ 19
[kontrol] 2017-06-05 16:45:48,854 [DEBUG] sequence actor : keepalive from 39mysN (pod #19, dirty)
[kontrol] 2017-06-05 16:45:48,856 [DEBUG] leader actor : dirty watch triggered
[kontrol] 2017-06-05 16:45:48,858 [DEBUG] leader actor : waited on the trigger for 0.39 s, computing hash...
[kontrol] 2017-06-05 16:45:48,860 [DEBUG] leader actor : MD5 -> b4:c8:82:8d:22:ea:13:b4:26:6a:4a:49:de:65:fc:a7
[kontrol] 2017-06-05 17:03:46,219 [DEBUG] PUT /ping <- keepalive from 172.16.123.1
[kontrol] 2017-06-05 17:03:46,267 [DEBUG] sequence actor : keepalive from 39mysN (pod #19)
[kontrol] 2017-06-05 17:07:37,451 [DEBUG] PUT /ping <- keepalive from 172.16.123.1
[kontrol] 2017-06-05 17:07:37,545 [DEBUG] sequence actor : keepalive from 39mysN (pod #19)
[kontrol] 2017-06-05 17:08:54,962 [DEBUG] PUT /ping <- keepalive from 172.16.123.1
[kontrol] 2017-06-05 17:08:55,073 [DEBUG] sequence actor : keepalive from 39mysN (pod #19)
[kontrol] 2017-06-05 17:04:04,064 [DEBUG] leader actor : waited on the trigger for 1095.20 s, computing hash...
[kontrol] 2017-06-05 17:04:04,069 [DEBUG] leader actor : MD5 -> b4:c8:82:8d:22:ea:13:b4:26:6a:4a:49:de:65:fc:a7
[kontrol] 2017-06-05 17:04:26,084 [DEBUG] leader actor : waited on the trigger for 22.01 s, computing hash...
[kontrol] 2017-06-05 17:04:26,089 [DEBUG] leader actor : MD5 -> d7:51:71:39:88:98:7e:93:31:98:03:63:e2:41:89:ce
[kontrol] 2017-06-05 17:04:29,579 [DEBUG] terminating actor <keepalive>
[kontrol] 2017-06-05 17:04:29,752 [DEBUG] keepalive actor (172.16.123.1) : aborting -> (resetting)
[kontrol] 2017-06-05 17:04:29,753 [DEBUG] keepalive actor (172.16.123.1) : reset (resetting)
[kontrol] 2017-06-05 17:04:29,755 [DEBUG] keepalive actor (172.16.123.1) : actor shutting down
[kontrol] 2017-06-05 17:04:29,755 [DEBUG] terminating actor <script>
[kontrol] 2017-06-05 17:04:30,004 [DEBUG] script actor : aborting -> (resetting)
[kontrol] 2017-06-05 17:04:30,007 [DEBUG] script actor : reset (resetting)
[kontrol] 2017-06-05 17:04:30,008 [DEBUG] script actor : actor shutting down
[kontrol] 2017-06-05 17:04:30,009 [DEBUG] terminating actor <leader>
[kontrol] 2017-06-05 17:04:48,117 [DEBUG] leader actor : waited on the trigger for 22.02 s, computing hash...
[kontrol] 2017-06-05 17:04:48,121 [DEBUG] leader actor : MD5 -> d7:51:71:39:88:98:7e:93:31:98:03:63:e2:41:89:ce
[kontrol] 2017-06-05 17:04:48,123 [DEBUG] leader actor : aborting -> (resetting)
[kontrol] 2017-06-05 17:04:48,124 [DEBUG] leader actor : clearing the lock
[kontrol] 2017-06-05 17:04:48,127 [DEBUG] leader actor : reset (resetting)
[kontrol] 2017-06-05 17:04:48,128 [DEBUG] leader actor : actor shutting down
[kontrol] 2017-06-05 17:04:48,128 [DEBUG] terminating actor <sequence>
[kontrol] 2017-06-05 17:04:48,164 [DEBUG] sequence actor : aborting -> (resetting)
[kontrol] 2017-06-05 17:04:48,166 [DEBUG] sequence actor : reset (resetting)
[kontrol] 2017-06-05 17:04:48,167 [DEBUG] sequence actor : actor shutting down
[kontrol] 2017-06-05 17:04:48,168 [DEBUG] terminating actor <callback>
[kontrol] 2017-06-05 17:04:48,414 [DEBUG] callback actor : aborting -> (resetting)
[kontrol] 2017-06-05 17:04:48,416 [DEBUG] callback actor : reset (resetting)
[kontrol] 2017-06-05 17:04:48,417 [DEBUG] callback actor : actor shutting down
[kontrol] 2017-06-05 17:04:48,417 [WARNING] all actors now terminated, exiting
[kontrol] 2017-06-05 17:05:56,505 [INFO]  - $KONTROL_DAMPER -> 10
[kontrol] 2017-06-05 17:05:56,506 [INFO]  - $KONTROL_FOVER -> 60
[kontrol] 2017-06-05 17:05:56,507 [INFO]  - $KONTROL_LABELS -> 
[kontrol] 2017-06-05 17:05:56,507 [INFO]  - $KONTROL_TTL -> 25
[kontrol] 2017-06-05 17:05:56,508 [INFO]  - $KONTROL_ETCD -> 172.16.123.1
[kontrol] 2017-06-05 17:05:56,508 [INFO]  - $KONTROL_IP -> 
[kontrol] 2017-06-05 17:05:56,509 [INFO]  - $KONTROL_EIP -> 
[kontrol] 2017-06-05 17:05:56,510 [INFO]  - $KONTROL_ID -> 
[kontrol] 2017-06-05 17:05:56,510 [INFO]  - $KONTROL_HOST -> 172.16.123.1
[kontrol] 2017-06-05 17:05:56,511 [INFO]  - $KONTROL_NODE_ANNOTATIONS -> 
[kontrol] 2017-06-05 17:05:56,511 [INFO]  - $KONTROL_ANNOTATIONS -> 
[kontrol] 2017-06-05 17:05:56,512 [INFO]  - $KONTROL_MODE -> debug,verbose
[kontrol] 2017-06-05 17:05:56,512 [INFO]  - $KONTROL_NODE_LABELS -> 
[kontrol] 2017-06-05 17:05:56,513 [DEBUG] switching debug mode on (host ip @ 172.16.123.1)
[kontrol] 2017-06-05 17:05:56,524 [INFO] keepalive actor (172.16.123.1) : now using key 39mysN (pod local)
[kontrol] 2017-06-05 17:05:56,526 [DEBUG] starting actor <keepalive>
[kontrol] 2017-06-05 17:05:56,527 [DEBUG] starting actor <script>
[kontrol] 2017-06-05 17:05:56,528 [WARNING] leader actor: $KONTROL_CALLBACK is not set (user error ?)
[kontrol] 2017-06-05 17:05:56,529 [DEBUG] starting actor <leader>
[kontrol] 2017-06-05 17:05:56,530 [DEBUG] starting actor <sequence>
[kontrol] 2017-06-05 17:05:56,532 [DEBUG] leader actor : created lock key #747
[kontrol] 2017-06-05 17:05:56,533 [DEBUG] starting actor <callback>
[kontrol] 2017-06-05 17:05:56,538 [DEBUG] PUT /ping <- keepalive from 172.16.123.1
[kontrol] 2017-06-05 17:05:56,542 [DEBUG] leader actor : attempting to grab lock
[kontrol] 2017-06-05 17:05:56,543 [INFO] leader actor : now acting as leader
[kontrol] 2017-06-05 17:05:56,787 [DEBUG] sequence actor : counter @ 20
[kontrol] 2017-06-05 17:05:56,793 [DEBUG] sequence actor : keepalive from 39mysN (pod #20, dirty)
[kontrol] 2017-06-05 17:05:56,795 [DEBUG] leader actor : dirty watch triggered
[kontrol] 2017-06-05 17:05:56,797 [DEBUG] leader actor : waited on the trigger for 0.25 s, computing hash...
[kontrol] 2017-06-05 17:05:56,799 [DEBUG] leader actor : MD5 -> 4d:39:1a:d5:8f:1a:24:a0:45:9a:9b:aa:c4:8f:a9:23
[kontrol] 2017-06-05 17:06:15,587 [DEBUG] PUT /ping <- keepalive from 172.16.123.1
[kontrol] 2017-06-05 17:06:15,780 [DEBUG] sequence actor : keepalive from 39mysN (pod #20)
[kontrol] 2017-06-05 17:06:18,818 [DEBUG] leader actor : waited on the trigger for 22.02 s, computing hash...
[kontrol] 2017-06-05 17:06:18,823 [DEBUG] leader actor : MD5 -> 4d:39:1a:d5:8f:1a:24:a0:45:9a:9b:aa:c4:8f:a9:23
[kontrol] 2017-06-05 17:06:20,318 [DEBUG] terminating actor <keepalive>
[kontrol] 2017-06-05 17:06:20,335 [DEBUG] keepalive actor (172.16.123.1) : aborting -> (resetting)
[kontrol] 2017-06-05 17:06:20,337 [DEBUG] keepalive actor (172.16.123.1) : reset (resetting)
[kontrol] 2017-06-05 17:06:20,338 [DEBUG] keepalive actor (172.16.123.1) : actor shutting down
[kontrol] 2017-06-05 17:06:20,338 [DEBUG] terminating actor <script>
[kontrol] 2017-06-05 17:06:20,574 [DEBUG] script actor : aborting -> (resetting)
[kontrol] 2017-06-05 17:06:20,576 [DEBUG] script actor : reset (resetting)
[kontrol] 2017-06-05 17:06:20,577 [DEBUG] script actor : actor shutting down
[kontrol] 2017-06-05 17:06:20,578 [DEBUG] terminating actor <leader>
[kontrol] 2017-06-05 17:06:40,851 [DEBUG] leader actor : waited on the trigger for 22.03 s, computing hash...
[kontrol] 2017-06-05 17:06:40,855 [DEBUG] leader actor : MD5 -> 4d:39:1a:d5:8f:1a:24:a0:45:9a:9b:aa:c4:8f:a9:23
[kontrol] 2017-06-05 17:06:40,856 [DEBUG] leader actor : aborting -> (resetting)
[kontrol] 2017-06-05 17:06:40,857 [DEBUG] leader actor : clearing the lock
[kontrol] 2017-06-05 17:06:40,859 [DEBUG] leader actor : reset (resetting)
[kontrol] 2017-06-05 17:06:40,860 [DEBUG] leader actor : actor shutting down
[kontrol] 2017-06-05 17:06:40,861 [DEBUG] terminating actor <sequence>
[kontrol] 2017-06-05 17:06:41,013 [DEBUG] sequence actor : aborting -> (resetting)
[kontrol] 2017-06-05 17:06:41,014 [DEBUG] sequence actor : reset (resetting)
[kontrol] 2017-06-05 17:06:41,016 [DEBUG] sequence actor : actor shutting down
[kontrol] 2017-06-05 17:06:41,016 [DEBUG] terminating actor <callback>
[kontrol] 2017-06-05 17:06:41,266 [DEBUG] callback actor : aborting -> (resetting)
[kontrol] 2017-06-05 17:06:41,268 [DEBUG] callback actor : reset (resetting)
[kontrol] 2017-06-05 17:06:41,270 [WARNING] all actors now terminated, exiting
[kontrol] 2017-06-05 17:06:41,270 [DEBUG] callback actor : actor shutting down
[kontrol] 2017-06-05 17:07:55,011 [INFO]  - $KONTROL_DAMPER -> 10
[kontrol] 2017-06-05 17:07:55,011 [INFO]  - $KONTROL_CALLBACK -> ./foo.sh
[kontrol] 2017-06-05 17:07:55,012 [INFO]  - $KONTROL_FOVER -> 60
[kontrol] 2017-06-05 17:07:55,013 [INFO]  - $KONTROL_LABELS -> 
[kontrol] 2017-06-05 17:07:55,013 [INFO]  - $KONTROL_TTL -> 25
[kontrol] 2017-06-05 17:07:55,014 [INFO]  - $KONTROL_ETCD -> 172.16.123.1
[kontrol] 2017-06-05 17:07:55,015 [INFO]  - $KONTROL_IP -> 
[kontrol] 2017-06-05 17:07:55,016 [INFO]  - $KONTROL_EIP -> 
[kontrol] 2017-06-05 17:07:55,016 [INFO]  - $KONTROL_ID -> 
[kontrol] 2017-06-05 17:07:55,017 [INFO]  - $KONTROL_HOST -> 172.16.123.1
[kontrol] 2017-06-05 17:07:55,018 [INFO]  - $KONTROL_NODE_ANNOTATIONS -> 
[kontrol] 2017-06-05 17:07:55,019 [INFO]  - $KONTROL_ANNOTATIONS -> 
[kontrol] 2017-06-05 17:07:55,019 [INFO]  - $KONTROL_MODE -> debug,verbose
[kontrol] 2017-06-05 17:07:55,020 [INFO]  - $KONTROL_NODE_LABELS -> 
[kontrol] 2017-06-05 17:07:55,021 [DEBUG] switching debug mode on (host ip @ 172.16.123.1)
[kontrol] 2017-06-05 17:07:55,034 [INFO] keepalive actor (172.16.123.1) : now using key 39mysN (pod local)
[kontrol] 2017-06-05 17:07:55,036 [DEBUG] starting actor <keepalive>
[kontrol] 2017-06-05 17:07:55,038 [DEBUG] starting actor <script>
[kontrol] 2017-06-05 17:07:55,039 [DEBUG] starting actor <leader>
[kontrol] 2017-06-05 17:07:55,042 [DEBUG] leader actor : created lock key #758
[kontrol] 2017-06-05 17:07:55,042 [DEBUG] starting actor <sequence>
[kontrol] 2017-06-05 17:07:55,045 [DEBUG] starting actor <callback>
[kontrol] 2017-06-05 17:07:55,049 [DEBUG] PUT /ping <- keepalive from 172.16.123.1
[kontrol] 2017-06-05 17:07:55,052 [DEBUG] leader actor : attempting to grab lock
[kontrol] 2017-06-05 17:07:55,054 [INFO] leader actor : now acting as leader
[kontrol] 2017-06-05 17:07:55,299 [DEBUG] sequence actor : counter @ 21
[kontrol] 2017-06-05 17:07:55,308 [DEBUG] sequence actor : keepalive from 39mysN (pod #21, dirty)
[kontrol] 2017-06-05 17:07:55,311 [DEBUG] leader actor : dirty watch triggered
[kontrol] 2017-06-05 17:07:55,312 [DEBUG] leader actor : waited on the trigger for 0.26 s, computing hash...
[kontrol] 2017-06-05 17:07:55,314 [DEBUG] leader actor : MD5 -> 5b:2d:39:45:51:c5:ba:6e:b7:02:ba:bf:37:b4:94:af
[kontrol] 2017-06-05 17:07:55,315 [DEBUG] leader actor : MD5 update, requesting callback
[kontrol] 2017-06-05 17:07:55,547 [DEBUG] callback actor : callback invokation in 9 seconds
[kontrol] 2017-06-05 17:07:56,563 [DEBUG] callback actor : callback invokation in 8 seconds
[kontrol] 2017-06-05 17:07:57,328 [DEBUG] callback actor : callback invokation in 7 seconds
[kontrol] 2017-06-05 17:07:58,338 [DEBUG] callback actor : callback invokation in 6 seconds
[kontrol] 2017-06-05 17:07:59,350 [DEBUG] callback actor : callback invokation in 5 seconds
[kontrol] 2017-06-05 17:08:00,365 [DEBUG] callback actor : callback invokation in 4 seconds
[kontrol] 2017-06-05 17:08:01,381 [DEBUG] callback actor : callback invokation in 3 seconds
[kontrol] 2017-06-05 17:08:02,390 [DEBUG] callback actor : callback invokation in 2 seconds
[kontrol] 2017-06-05 17:08:03,401 [DEBUG] callback actor : callback invokation in 1 seconds
[kontrol] 2017-06-05 17:08:04,407 [DEBUG] callback actor : callback invokation in 0 seconds
[kontrol] 2017-06-05 17:08:05,545 [DEBUG] callback actor : invoking script "./foo.sh" (pid 14794)
[kontrol] 2017-06-05 17:08:05,798 [INFO] callback actor: callback took 0.4 s (pid 14794, exit 0)
[kontrol] 2017-06-05 17:08:14,090 [DEBUG] PUT /ping <- keepalive from 172.16.123.1
[kontrol] 2017-06-05 17:08:14,284 [DEBUG] sequence actor : keepalive from 39mysN (pod #21)
[kontrol] 2017-06-05 17:08:17,043 [DEBUG] terminating actor <keepalive>
[kontrol] 2017-06-05 17:08:17,059 [DEBUG] keepalive actor (172.16.123.1) : aborting -> (resetting)
[kontrol] 2017-06-05 17:08:17,060 [DEBUG] keepalive actor (172.16.123.1) : reset (resetting)
[kontrol] 2017-06-05 17:08:17,061 [DEBUG] keepalive actor (172.16.123.1) : actor shutting down
[kontrol] 2017-06-05 17:08:17,061 [DEBUG] terminating actor <script>
[kontrol] 2017-06-05 17:08:17,313 [DEBUG] script actor : aborting -> (resetting)
[kontrol] 2017-06-05 17:08:17,315 [DEBUG] script actor : reset (resetting)
[kontrol] 2017-06-05 17:08:17,317 [DEBUG] script actor : actor shutting down
[kontrol] 2017-06-05 17:08:17,317 [DEBUG] terminating actor <leader>
[kontrol] 2017-06-05 17:08:17,319 [DEBUG] leader actor : waited on the trigger for 22.00 s, computing hash...
[kontrol] 2017-06-05 17:08:17,322 [DEBUG] leader actor : MD5 -> 5b:2d:39:45:51:c5:ba:6e:b7:02:ba:bf:37:b4:94:af
[kontrol] 2017-06-05 17:08:17,323 [DEBUG] leader actor : aborting -> (resetting)
[kontrol] 2017-06-05 17:08:17,324 [DEBUG] leader actor : clearing the lock
[kontrol] 2017-06-05 17:08:17,326 [DEBUG] leader actor : reset (resetting)
[kontrol] 2017-06-05 17:08:17,327 [DEBUG] leader actor : actor shutting down
[kontrol] 2017-06-05 17:08:17,327 [DEBUG] terminating actor <sequence>
[kontrol] 2017-06-05 17:08:17,567 [DEBUG] sequence actor : aborting -> (resetting)
[kontrol] 2017-06-05 17:08:17,569 [DEBUG] sequence actor : reset (resetting)
[kontrol] 2017-06-05 17:08:17,571 [DEBUG] sequence actor : actor shutting down
[kontrol] 2017-06-05 17:08:17,571 [DEBUG] terminating actor <callback>
[kontrol] 2017-06-05 17:08:17,699 [DEBUG] callback actor : aborting -> (resetting)
[kontrol] 2017-06-05 17:08:17,701 [DEBUG] callback actor : reset (resetting)
[kontrol] 2017-06-05 17:08:17,702 [DEBUG] callback actor : actor shutting down
[kontrol] 2017-06-05 17:08:17,703 [WARNING] all actors now terminated, exiting
[kontrol] 2017-06-05 17:08:37,542 [INFO]  - $KONTROL_DAMPER -> 10
[kontrol] 2017-06-05 17:08:37,543 [INFO]  - $KONTROL_CALLBACK -> ./foo.sh
[kontrol] 2017-06-05 17:08:37,544 [INFO]  - $KONTROL_FOVER -> 60
[kontrol] 2017-06-05 17:08:37,544 [INFO]  - $KONTROL_LABELS -> 
[kontrol] 2017-06-05 17:08:37,545 [INFO]  - $KONTROL_TTL -> 25
[kontrol] 2017-06-05 17:08:37,545 [INFO]  - $KONTROL_ETCD -> 172.16.123.1
[kontrol] 2017-06-05 17:08:37,547 [INFO]  - $KONTROL_IP -> 
[kontrol] 2017-06-05 17:08:37,547 [INFO]  - $KONTROL_EIP -> 
[kontrol] 2017-06-05 17:08:37,548 [INFO]  - $KONTROL_ID -> 
[kontrol] 2017-06-05 17:08:37,548 [INFO]  - $KONTROL_HOST -> 172.16.123.1
[kontrol] 2017-06-05 17:08:37,549 [INFO]  - $KONTROL_NODE_ANNOTATIONS -> 
[kontrol] 2017-06-05 17:08:37,550 [INFO]  - $KONTROL_ANNOTATIONS -> 
[kontrol] 2017-06-05 17:08:37,550 [INFO]  - $KONTROL_MODE -> debug,verbose
[kontrol] 2017-06-05 17:08:37,551 [INFO]  - $KONTROL_NODE_LABELS -> 
[kontrol] 2017-06-05 17:08:37,551 [DEBUG] switching debug mode on (host ip @ 172.16.123.1)
[kontrol] 2017-06-05 17:08:37,562 [INFO] keepalive actor (172.16.123.1) : now using key 39mysN (pod local)
[kontrol] 2017-06-05 17:08:37,564 [DEBUG] starting actor <keepalive>
[kontrol] 2017-06-05 17:08:37,565 [DEBUG] starting actor <script>
[kontrol] 2017-06-05 17:08:37,567 [DEBUG] starting actor <leader>
[kontrol] 2017-06-05 17:08:37,568 [DEBUG] starting actor <sequence>
[kontrol] 2017-06-05 17:08:37,569 [DEBUG] leader actor : created lock key #768
[kontrol] 2017-06-05 17:08:37,570 [DEBUG] starting actor <callback>
[kontrol] 2017-06-05 17:08:37,575 [DEBUG] PUT /ping <- keepalive from 172.16.123.1
[kontrol] 2017-06-05 17:08:37,577 [DEBUG] leader actor : attempting to grab lock
[kontrol] 2017-06-05 17:08:37,579 [INFO] leader actor : now acting as leader
[kontrol] 2017-06-05 17:08:37,825 [DEBUG] sequence actor : keepalive from 39mysN (pod #21)
[kontrol] 2017-06-05 17:08:56,632 [DEBUG] PUT /ping <- keepalive from 172.16.123.1
[kontrol] 2017-06-05 17:08:56,771 [DEBUG] sequence actor : keepalive from 39mysN (pod #21)
[kontrol] 2017-06-05 17:08:59,605 [DEBUG] leader actor : waited on the trigger for 22.02 s, computing hash...
[kontrol] 2017-06-05 17:08:59,610 [DEBUG] leader actor : MD5 -> 5b:2d:39:45:51:c5:ba:6e:b7:02:ba:bf:37:b4:94:af
[kontrol] 2017-06-05 17:08:59,611 [DEBUG] leader actor : MD5 update, requesting callback
[kontrol] 2017-06-05 17:08:59,793 [DEBUG] callback actor : callback invokation in 9 seconds
[kontrol] 2017-06-05 17:09:00,801 [DEBUG] callback actor : callback invokation in 8 seconds
[kontrol] 2017-06-05 17:09:01,810 [DEBUG] callback actor : callback invokation in 7 seconds
[kontrol] 2017-06-05 17:09:02,821 [DEBUG] callback actor : callback invokation in 6 seconds
[kontrol] 2017-06-05 17:09:03,828 [DEBUG] callback actor : callback invokation in 5 seconds
[kontrol] 2017-06-05 17:09:04,834 [DEBUG] callback actor : callback invokation in 4 seconds
[kontrol] 2017-06-05 17:09:05,841 [DEBUG] callback actor : callback invokation in 3 seconds
[kontrol] 2017-06-05 17:09:06,846 [DEBUG] callback actor : callback invokation in 2 seconds
[kontrol] 2017-06-05 17:09:07,609 [DEBUG] callback actor : callback invokation in 1 seconds
[kontrol] 2017-06-05 17:09:08,615 [DEBUG] callback actor : callback invokation in 0 seconds
[kontrol] 2017-06-05 17:09:09,763 [DEBUG] callback actor : invoking script "./foo.sh" (pid 15855)
[kontrol] 2017-06-05 17:09:10,016 [INFO] callback actor: callback took 0.4 s (pid 15855, exit 0)
[kontrol] 2017-06-05 17:09:10,017 [DEBUG] callback actor : stderr (pid 15855) -> 
  . foo foo
[kontrol] 2017-06-05 17:09:15,662 [DEBUG] PUT /ping <- keepalive from 172.16.123.1
[kontrol] 2017-06-05 17:09:15,690 [DEBUG] sequence actor : keepalive from 39mysN (pod #21)
[kontrol] 2017-06-05 17:09:21,636 [DEBUG] leader actor : waited on the trigger for 22.02 s, computing hash...
[kontrol] 2017-06-05 17:09:21,640 [DEBUG] leader actor : MD5 -> 5b:2d:39:45:51:c5:ba:6e:b7:02:ba:bf:37:b4:94:af
[kontrol] 2017-06-05 17:09:34,700 [DEBUG] PUT /ping <- keepalive from 172.16.123.1
[kontrol] 2017-06-05 17:09:34,891 [DEBUG] sequence actor : keepalive from 39mysN (pod #21)
[kontrol] 2017-06-05 17:09:43,666 [DEBUG] leader actor : waited on the trigger for 22.02 s, computing hash...
[kontrol] 2017-06-05 17:09:43,671 [DEBUG] leader actor : MD5 -> 5b:2d:39:45:51:c5:ba:6e:b7:02:ba:bf:37:b4:94:af
[kontrol] 2017-06-05 17:09:53,729 [DEBUG] PUT /ping <- keepalive from 172.16.123.1
[kontrol] 2017-06-05 17:09:53,853 [DEBUG] sequence actor : keepalive from 39mysN (pod #21)
[kontrol] 2017-06-05 17:10:05,698 [DEBUG] leader actor : waited on the trigger for 22.02 s, computing hash...
[kontrol] 2017-06-05 17:10:05,702 [DEBUG] leader actor : MD5 -> 5b:2d:39:45:51:c5:ba:6e:b7:02:ba:bf:37:b4:94:af
[kontrol] 2017-06-05 17:10:12,760 [DEBUG] PUT /ping <- keepalive from 172.16.123.1
[kontrol] 2017-06-05 17:10:12,817 [DEBUG] sequence actor : keepalive from 39mysN (pod #21)
[kontrol] 2017-06-05 17:10:27,730 [DEBUG] leader actor : waited on the trigger for 22.03 s, computing hash...
[kontrol] 2017-06-05 17:10:27,734 [DEBUG] leader actor : MD5 -> 5b:2d:39:45:51:c5:ba:6e:b7:02:ba:bf:37:b4:94:af
[kontrol] 2017-06-05 17:10:31,791 [DEBUG] PUT /ping <- keepalive from 172.16.123.1
[kontrol] 2017-06-05 17:10:31,812 [DEBUG] sequence actor : keepalive from 39mysN (pod #21)
[kontrol] 2017-06-05 17:10:49,761 [DEBUG] leader actor : waited on the trigger for 22.02 s, computing hash...
[kontrol] 2017-06-05 17:10:49,766 [DEBUG] leader actor : MD5 -> 5b:2d:39:45:51:c5:ba:6e:b7:02:ba:bf:37:b4:94:af
[kontrol] 2017-06-05 17:10:50,834 [DEBUG] PUT /ping <- keepalive from 172.16.123.1
[kontrol] 2017-06-05 17:10:50,866 [DEBUG] sequence actor : keepalive from 39mysN (pod #21)
[kontrol] 2017-06-05 17:11:09,866 [DEBUG] PUT /ping <- keepalive from 172.16.123.1
[kontrol] 2017-06-05 17:11:10,034 [DEBUG] sequence actor : keepalive from 39mysN (pod #21)
[kontrol] 2017-06-05 17:11:11,795 [DEBUG] leader actor : waited on the trigger for 22.03 s, computing hash...
[kontrol] 2017-06-05 17:11:11,799 [DEBUG] leader actor : MD5 -> 5b:2d:39:45:51:c5:ba:6e:b7:02:ba:bf:37:b4:94:af
[kontrol] 2017-06-05 17:11:28,901 [DEBUG] PUT /ping <- keepalive from 172.16.123.1
[kontrol] 2017-06-05 17:11:28,933 [DEBUG] sequence actor : keepalive from 39mysN (pod #21)
[kontrol] 2017-06-05 17:11:33,824 [DEBUG] leader actor : waited on the trigger for 22.02 s, computing hash...
[kontrol] 2017-06-05 17:11:33,828 [DEBUG] leader actor : MD5 -> 5b:2d:39:45:51:c5:ba:6e:b7:02:ba:bf:37:b4:94:af
[kontrol] 2017-06-05 17:11:47,939 [DEBUG] PUT /ping <- keepalive from 172.16.123.1
[kontrol] 2017-06-05 17:11:48,126 [DEBUG] sequence actor : keepalive from 39mysN (pod #21)
[kontrol] 2017-06-05 17:11:55,844 [DEBUG] leader actor : waited on the trigger for 22.01 s, computing hash...
[kontrol] 2017-06-05 17:11:55,848 [DEBUG] leader actor : MD5 -> 5b:2d:39:45:51:c5:ba:6e:b7:02:ba:bf:37:b4:94:af
[kontrol] 2017-06-05 17:12:05,965 [DEBUG] PUT /ping <- keepalive from 172.16.123.1
[kontrol] 2017-06-05 17:12:06,026 [DEBUG] sequence actor : keepalive from 39mysN (pod #21)
[kontrol] 2017-06-05 17:12:17,857 [DEBUG] leader actor : waited on the trigger for 22.01 s, computing hash...
[kontrol] 2017-06-05 17:12:17,860 [DEBUG] leader actor : MD5 -> 5b:2d:39:45:51:c5:ba:6e:b7:02:ba:bf:37:b4:94:af
[kontrol] 2017-06-05 17:12:25,050 [DEBUG] PUT /ping <- keepalive from 172.16.123.1
[kontrol] 2017-06-05 17:12:25,186 [DEBUG] sequence actor : keepalive from 39mysN (pod #21)
[kontrol] 2017-06-05 17:12:39,887 [DEBUG] leader actor : waited on the trigger for 22.02 s, computing hash...
[kontrol] 2017-06-05 17:12:39,891 [DEBUG] leader actor : MD5 -> 5b:2d:39:45:51:c5:ba:6e:b7:02:ba:bf:37:b4:94:af
[kontrol] 2017-06-05 17:12:44,058 [DEBUG] PUT /ping <- keepalive from 172.16.123.1
[kontrol] 2017-06-05 17:12:44,141 [DEBUG] sequence actor : keepalive from 39mysN (pod #21)
[kontrol] 2017-06-05 17:13:01,919 [DEBUG] leader actor : waited on the trigger for 22.02 s, computing hash...
[kontrol] 2017-06-05 17:13:01,923 [DEBUG] leader actor : MD5 -> 5b:2d:39:45:51:c5:ba:6e:b7:02:ba:bf:37:b4:94:af
[kontrol] 2017-06-05 17:13:03,081 [DEBUG] PUT /ping <- keepalive from 172.16.123.1
[kontrol] 2017-06-05 17:13:03,307 [DEBUG] sequence actor : keepalive from 39mysN (pod #21)
[kontrol] 2017-06-05 17:13:22,125 [DEBUG] PUT /ping <- keepalive from 172.16.123.1
[kontrol] 2017-06-05 17:13:22,235 [DEBUG] sequence actor : keepalive from 39mysN (pod #21)
[kontrol] 2017-06-05 17:13:23,941 [DEBUG] leader actor : waited on the trigger for 22.01 s, computing hash...
[kontrol] 2017-06-05 17:13:23,945 [DEBUG] leader actor : MD5 -> 5b:2d:39:45:51:c5:ba:6e:b7:02:ba:bf:37:b4:94:af
[kontrol] 2017-06-05 17:13:41,151 [DEBUG] PUT /ping <- keepalive from 172.16.123.1
[kontrol] 2017-06-05 17:13:41,209 [DEBUG] sequence actor : keepalive from 39mysN (pod #21)
[kontrol] 2017-06-05 17:13:45,976 [DEBUG] leader actor : waited on the trigger for 22.03 s, computing hash...
[kontrol] 2017-06-05 17:13:45,981 [DEBUG] leader actor : MD5 -> 5b:2d:39:45:51:c5:ba:6e:b7:02:ba:bf:37:b4:94:af
[kontrol] 2017-06-05 17:14:00,178 [DEBUG] PUT /ping <- keepalive from 172.16.123.1
[kontrol] 2017-06-05 17:14:00,195 [DEBUG] sequence actor : keepalive from 39mysN (pod #21)
[kontrol] 2017-06-05 17:14:08,007 [DEBUG] leader actor : waited on the trigger for 22.02 s, computing hash...
[kontrol] 2017-06-05 17:14:08,011 [DEBUG] leader actor : MD5 -> 5b:2d:39:45:51:c5:ba:6e:b7:02:ba:bf:37:b4:94:af
[kontrol] 2017-06-05 17:14:19,224 [DEBUG] PUT /ping <- keepalive from 172.16.123.1
[kontrol] 2017-06-05 17:14:19,405 [DEBUG] sequence actor : keepalive from 39mysN (pod #21)
[kontrol] 2017-06-05 17:14:30,039 [DEBUG] leader actor : waited on the trigger for 22.02 s, computing hash...
[kontrol] 2017-06-05 17:14:30,043 [DEBUG] leader actor : MD5 -> 5b:2d:39:45:51:c5:ba:6e:b7:02:ba:bf:37:b4:94:af
[kontrol] 2017-06-05 17:14:38,246 [DEBUG] PUT /ping <- keepalive from 172.16.123.1
[kontrol] 2017-06-05 17:14:38,333 [DEBUG] sequence actor : keepalive from 39mysN (pod #21)
[kontrol] 2017-06-05 17:14:52,068 [DEBUG] leader actor : waited on the trigger for 22.02 s, computing hash...
[kontrol] 2017-06-05 17:14:52,072 [DEBUG] leader actor : MD5 -> 5b:2d:39:45:51:c5:ba:6e:b7:02:ba:bf:37:b4:94:af
[kontrol] 2017-06-05 17:14:56,275 [DEBUG] PUT /ping <- keepalive from 172.16.123.1
[kontrol] 2017-06-05 17:14:56,510 [DEBUG] sequence actor : keepalive from 39mysN (pod #21)
[kontrol] 2017-06-05 17:15:14,101 [DEBUG] leader actor : waited on the trigger for 22.03 s, computing hash...
[kontrol] 2017-06-05 17:15:14,105 [DEBUG] leader actor : MD5 -> 5b:2d:39:45:51:c5:ba:6e:b7:02:ba:bf:37:b4:94:af
[kontrol] 2017-06-05 17:15:15,322 [DEBUG] PUT /ping <- keepalive from 172.16.123.1
[kontrol] 2017-06-05 17:15:15,477 [DEBUG] sequence actor : keepalive from 39mysN (pod #21)
[kontrol] 2017-06-05 17:15:34,350 [DEBUG] PUT /ping <- keepalive from 172.16.123.1
[kontrol] 2017-06-05 17:15:34,391 [DEBUG] sequence actor : keepalive from 39mysN (pod #21)
[kontrol] 2017-06-05 17:15:36,132 [DEBUG] leader actor : waited on the trigger for 22.02 s, computing hash...
[kontrol] 2017-06-05 17:15:36,137 [DEBUG] leader actor : MD5 -> 5b:2d:39:45:51:c5:ba:6e:b7:02:ba:bf:37:b4:94:af
[kontrol] 2017-06-05 17:15:53,392 [DEBUG] PUT /ping <- keepalive from 172.16.123.1
[kontrol] 2017-06-05 17:15:53,580 [DEBUG] sequence actor : keepalive from 39mysN (pod #21)
[kontrol] 2017-06-05 17:15:58,156 [DEBUG] leader actor : waited on the trigger for 22.02 s, computing hash...
[kontrol] 2017-06-05 17:15:58,160 [DEBUG] leader actor : MD5 -> 5b:2d:39:45:51:c5:ba:6e:b7:02:ba:bf:37:b4:94:af
[kontrol] 2017-06-05 17:16:12,438 [DEBUG] PUT /ping <- keepalive from 172.16.123.1
[kontrol] 2017-06-05 17:16:12,551 [DEBUG] sequence actor : keepalive from 39mysN (pod #21)
[kontrol] 2017-06-05 17:16:20,186 [DEBUG] leader actor : waited on the trigger for 22.02 s, computing hash...
[kontrol] 2017-06-05 17:16:20,190 [DEBUG] leader actor : MD5 -> 5b:2d:39:45:51:c5:ba:6e:b7:02:ba:bf:37:b4:94:af
[kontrol] 2017-06-05 17:16:31,480 [DEBUG] PUT /ping <- keepalive from 172.16.123.1
[kontrol] 2017-06-05 17:16:31,492 [DEBUG] sequence actor : keepalive from 39mysN (pod #21)
[kontrol] 2017-06-05 17:16:42,220 [DEBUG] leader actor : waited on the trigger for 22.03 s, computing hash...
[kontrol] 2017-06-05 17:16:42,224 [DEBUG] leader actor : MD5 -> 5b:2d:39:45:51:c5:ba:6e:b7:02:ba:bf:37:b4:94:af
[kontrol] 2017-06-05 17:16:50,506 [DEBUG] PUT /ping <- keepalive from 172.16.123.1
[kontrol] 2017-06-05 17:16:50,710 [DEBUG] sequence actor : keepalive from 39mysN (pod #21)
[kontrol] 2017-06-05 17:17:04,243 [DEBUG] leader actor : waited on the trigger for 22.02 s, computing hash...
[kontrol] 2017-06-05 17:17:04,248 [DEBUG] leader actor : MD5 -> 5b:2d:39:45:51:c5:ba:6e:b7:02:ba:bf:37:b4:94:af
[kontrol] 2017-06-05 17:17:09,560 [DEBUG] PUT /ping <- keepalive from 172.16.123.1
[kontrol] 2017-06-05 17:17:09,661 [DEBUG] sequence actor : keepalive from 39mysN (pod #21)
[kontrol] 2017-06-05 17:17:24,270 [DEBUG] terminating actor <keepalive>
[kontrol] 2017-06-05 17:17:24,330 [DEBUG] keepalive actor (172.16.123.1) : aborting -> (resetting)
[kontrol] 2017-06-05 17:17:24,332 [DEBUG] keepalive actor (172.16.123.1) : reset (resetting)
[kontrol] 2017-06-05 17:17:24,334 [DEBUG] terminating actor <script>
[kontrol] 2017-06-05 17:17:24,334 [DEBUG] keepalive actor (172.16.123.1) : actor shutting down
[kontrol] 2017-06-05 17:17:24,585 [DEBUG] script actor : aborting -> (resetting)
[kontrol] 2017-06-05 17:17:24,588 [DEBUG] script actor : reset (resetting)
[kontrol] 2017-06-05 17:17:24,590 [DEBUG] terminating actor <leader>
[kontrol] 2017-06-05 17:17:24,590 [DEBUG] script actor : actor shutting down
[kontrol] 2017-06-05 17:17:26,278 [DEBUG] leader actor : waited on the trigger for 22.03 s, computing hash...
[kontrol] 2017-06-05 17:17:26,281 [DEBUG] leader actor : MD5 -> 5b:2d:39:45:51:c5:ba:6e:b7:02:ba:bf:37:b4:94:af
[kontrol] 2017-06-05 17:17:26,283 [DEBUG] leader actor : aborting -> (resetting)
[kontrol] 2017-06-05 17:17:26,284 [DEBUG] leader actor : clearing the lock
[kontrol] 2017-06-05 17:17:26,286 [DEBUG] leader actor : reset (resetting)
[kontrol] 2017-06-05 17:17:26,287 [DEBUG] leader actor : actor shutting down
[kontrol] 2017-06-05 17:17:26,287 [DEBUG] terminating actor <sequence>
[kontrol] 2017-06-05 17:17:26,350 [DEBUG] sequence actor : aborting -> (resetting)
[kontrol] 2017-06-05 17:17:26,352 [DEBUG] sequence actor : reset (resetting)
[kontrol] 2017-06-05 17:17:26,353 [DEBUG] sequence actor : actor shutting down
[kontrol] 2017-06-05 17:17:26,354 [DEBUG] terminating actor <callback>
[kontrol] 2017-06-05 17:17:26,602 [DEBUG] callback actor : aborting -> (resetting)
[kontrol] 2017-06-05 17:17:26,604 [DEBUG] callback actor : reset (resetting)
[kontrol] 2017-06-05 17:17:26,606 [DEBUG] callback actor : actor shutting down
[kontrol] 2017-06-05 17:17:26,606 [WARNING] all actors now terminated, exiting
